

Started GET "/" for ::1 at 2015-12-27 23:23:28 +0100
Processing by Rails::WelcomeController#index as HTML
  Rendered /Users/vwh/.rvm/gems/ruby-2.2.1/gems/railties-4.2.5/lib/rails/templates/rails/welcome/index.html.erb (1.9ms)
Completed 200 OK in 20ms (Views: 11.6ms | ActiveRecord: 0.0ms)


Started GET "/" for ::1 at 2015-12-27 23:47:57 +0100
Processing by Rails::WelcomeController#index as HTML
  Rendered /Users/vwh/.rvm/gems/ruby-2.2.1/gems/railties-4.2.5/lib/rails/templates/rails/welcome/index.html.erb (1.2ms)
Completed 200 OK in 14ms (Views: 6.9ms | ActiveRecord: 0.0ms)


Started GET "/" for ::1 at 2015-12-28 23:56:20 +0100
Processing by Rails::WelcomeController#index as HTML
  Rendered /Users/vwh/.rvm/gems/ruby-2.2.1/gems/railties-4.2.5/lib/rails/templates/rails/welcome/index.html.erb (1.9ms)
Completed 200 OK in 25ms (Views: 16.4ms | ActiveRecord: 0.0ms)


Started GET "/" for ::1 at 2015-12-29 00:07:11 +0100

ActiveRecord::PendingMigrationError (

Migrations are pending. To resolve this issue, run:

	bin/rake db:migrate RAILS_ENV=development

):
  activerecord (4.2.5) lib/active_record/migration.rb:392:in `check_pending!'
  activerecord (4.2.5) lib/active_record/migration.rb:373:in `call'
  actionpack (4.2.5) lib/action_dispatch/middleware/callbacks.rb:29:in `block in call'
  activesupport (4.2.5) lib/active_support/callbacks.rb:88:in `__run_callbacks__'
  activesupport (4.2.5) lib/active_support/callbacks.rb:778:in `_run_call_callbacks'
  activesupport (4.2.5) lib/active_support/callbacks.rb:81:in `run_callbacks'
  actionpack (4.2.5) lib/action_dispatch/middleware/callbacks.rb:27:in `call'
  actionpack (4.2.5) lib/action_dispatch/middleware/reloader.rb:73:in `call'
  actionpack (4.2.5) lib/action_dispatch/middleware/remote_ip.rb:78:in `call'
  actionpack (4.2.5) lib/action_dispatch/middleware/debug_exceptions.rb:17:in `call'
  web-console (2.2.1) lib/web_console/middleware.rb:39:in `call'
  actionpack (4.2.5) lib/action_dispatch/middleware/show_exceptions.rb:30:in `call'
  railties (4.2.5) lib/rails/rack/logger.rb:38:in `call_app'
  railties (4.2.5) lib/rails/rack/logger.rb:20:in `block in call'
  activesupport (4.2.5) lib/active_support/tagged_logging.rb:68:in `block in tagged'
  activesupport (4.2.5) lib/active_support/tagged_logging.rb:26:in `tagged'
  activesupport (4.2.5) lib/active_support/tagged_logging.rb:68:in `tagged'
  railties (4.2.5) lib/rails/rack/logger.rb:20:in `call'
  actionpack (4.2.5) lib/action_dispatch/middleware/request_id.rb:21:in `call'
  rack (1.6.4) lib/rack/methodoverride.rb:22:in `call'
  rack (1.6.4) lib/rack/runtime.rb:18:in `call'
  activesupport (4.2.5) lib/active_support/cache/strategy/local_cache_middleware.rb:28:in `call'
  rack (1.6.4) lib/rack/lock.rb:17:in `call'
  actionpack (4.2.5) lib/action_dispatch/middleware/static.rb:116:in `call'
  rack (1.6.4) lib/rack/sendfile.rb:113:in `call'
  railties (4.2.5) lib/rails/engine.rb:518:in `call'
  railties (4.2.5) lib/rails/application.rb:165:in `call'
  rack (1.6.4) lib/rack/lock.rb:17:in `call'
  rack (1.6.4) lib/rack/content_length.rb:15:in `call'
  rack (1.6.4) lib/rack/handler/webrick.rb:88:in `service'
  /Users/vwh/.rvm/rubies/ruby-2.2.1/lib/ruby/2.2.0/webrick/httpserver.rb:138:in `service'
  /Users/vwh/.rvm/rubies/ruby-2.2.1/lib/ruby/2.2.0/webrick/httpserver.rb:94:in `run'
  /Users/vwh/.rvm/rubies/ruby-2.2.1/lib/ruby/2.2.0/webrick/server.rb:294:in `block in start_thread'


  Rendered /Users/vwh/.rvm/gems/ruby-2.2.1/gems/actionpack-4.2.5/lib/action_dispatch/middleware/templates/rescues/_source.erb (3.4ms)
  Rendered /Users/vwh/.rvm/gems/ruby-2.2.1/gems/actionpack-4.2.5/lib/action_dispatch/middleware/templates/rescues/_trace.html.erb (2.2ms)
  Rendered /Users/vwh/.rvm/gems/ruby-2.2.1/gems/actionpack-4.2.5/lib/action_dispatch/middleware/templates/rescues/_request_and_response.html.erb (1.0ms)
  Rendered /Users/vwh/.rvm/gems/ruby-2.2.1/gems/actionpack-4.2.5/lib/action_dispatch/middleware/templates/rescues/diagnostics.html.erb within rescues/layout (57.5ms)
  Rendered /Users/vwh/.rvm/gems/ruby-2.2.1/gems/web-console-2.2.1/lib/web_console/templates/_markup.html.erb (0.5ms)
  Rendered /Users/vwh/.rvm/gems/ruby-2.2.1/gems/web-console-2.2.1/lib/web_console/templates/_inner_console_markup.html.erb within layouts/inlined_string (0.4ms)
  Rendered /Users/vwh/.rvm/gems/ruby-2.2.1/gems/web-console-2.2.1/lib/web_console/templates/_prompt_box_markup.html.erb within layouts/inlined_string (0.3ms)
  Rendered /Users/vwh/.rvm/gems/ruby-2.2.1/gems/web-console-2.2.1/lib/web_console/templates/style.css.erb within layouts/inlined_string (0.3ms)
  Rendered /Users/vwh/.rvm/gems/ruby-2.2.1/gems/web-console-2.2.1/lib/web_console/templates/console.js.erb within layouts/javascript (45.4ms)
  Rendered /Users/vwh/.rvm/gems/ruby-2.2.1/gems/web-console-2.2.1/lib/web_console/templates/main.js.erb within layouts/javascript (0.3ms)
  Rendered /Users/vwh/.rvm/gems/ruby-2.2.1/gems/web-console-2.2.1/lib/web_console/templates/error_page.js.erb within layouts/javascript (0.5ms)
  Rendered /Users/vwh/.rvm/gems/ruby-2.2.1/gems/web-console-2.2.1/lib/web_console/templates/index.html.erb (104.7ms)
  [1m[36m (1.3ms)[0m  [1mCREATE TABLE "schema_migrations" ("version" varchar NOT NULL) [0m
  [1m[35m (0.0ms)[0m  select sqlite_version(*)
  [1m[36m (0.9ms)[0m  [1mCREATE UNIQUE INDEX "unique_schema_migrations" ON "schema_migrations" ("version")[0m
  [1m[35mActiveRecord::SchemaMigration Load (0.1ms)[0m  SELECT "schema_migrations".* FROM "schema_migrations"
Migrating to CreatePlaces (20151228230547)
  [1m[36m (0.1ms)[0m  [1mbegin transaction[0m
  [1m[35m (0.5ms)[0m  CREATE TABLE "places" ("id" INTEGER PRIMARY KEY AUTOINCREMENT NOT NULL, "name" varchar, "latitude" decimal(10,6), "longitude" decimal(10,6), "notes" text, "hashtags" varchar, "created_at" datetime NOT NULL, "updated_at" datetime NOT NULL) 
  [1m[36mSQL (0.1ms)[0m  [1mINSERT INTO "schema_migrations" ("version") VALUES (?)[0m  [["version", "20151228230547"]]
  [1m[35m (0.9ms)[0m  commit transaction
  [1m[36mActiveRecord::SchemaMigration Load (0.1ms)[0m  [1mSELECT "schema_migrations".* FROM "schema_migrations"[0m


Started GET "/" for ::1 at 2015-12-29 00:07:28 +0100
  [1m[36mActiveRecord::SchemaMigration Load (0.1ms)[0m  [1mSELECT "schema_migrations".* FROM "schema_migrations"[0m
Processing by Rails::WelcomeController#index as HTML
  Rendered /Users/vwh/.rvm/gems/ruby-2.2.1/gems/railties-4.2.5/lib/rails/templates/rails/welcome/index.html.erb (0.6ms)
Completed 200 OK in 11ms (Views: 3.7ms | ActiveRecord: 0.0ms)


Started GET "/places" for ::1 at 2015-12-29 00:07:34 +0100
Processing by PlacesController#index as HTML
  [1m[35mPlace Load (0.1ms)[0m  SELECT "places".* FROM "places"
  Rendered places/index.html.erb within layouts/application (2.7ms)
Completed 200 OK in 1500ms (Views: 1496.1ms | ActiveRecord: 0.2ms)


Started GET "/assets/scaffolds.self-111198bcc0c7365fff344bd339204164abd96b682cc664e6ee181e494ef66cb9.css?body=1" for ::1 at 2015-12-29 00:07:35 +0100


Started GET "/places/new" for ::1 at 2015-12-29 00:07:39 +0100
Processing by PlacesController#new as HTML
  Rendered places/_form.html.erb (27.8ms)
  Rendered places/new.html.erb within layouts/application (30.4ms)
Completed 200 OK in 63ms (Views: 51.5ms | ActiveRecord: 0.2ms)


Started POST "/places" for ::1 at 2015-12-29 00:07:56 +0100
Processing by PlacesController#create as HTML
  Parameters: {"utf8"=>"✓", "authenticity_token"=>"h6UhQHBoe+Gg62H9TKtdZ6/+lDInDbSm6b3SifMYApqNVH75n1akgvUJA07VIOaTmFWtIV5FcfRfVXQ/p7L8SQ==", "place"=>{"name"=>"a", "latitude"=>"11", "longitude"=>"111", "notes"=>"rdftgjodijf os jfids jfojs odfi", "hashtags"=>"place"}, "commit"=>"Create Place"}
  [1m[36m (0.1ms)[0m  [1mbegin transaction[0m
  [1m[35mSQL (0.7ms)[0m  INSERT INTO "places" ("name", "latitude", "longitude", "notes", "hashtags", "created_at", "updated_at") VALUES (?, ?, ?, ?, ?, ?, ?)  [["name", "a"], ["latitude", 11.0], ["longitude", 111.0], ["notes", "rdftgjodijf os jfids jfojs odfi"], ["hashtags", "place"], ["created_at", "2015-12-28 23:07:56.853816"], ["updated_at", "2015-12-28 23:07:56.853816"]]
  [1m[36m (0.9ms)[0m  [1mcommit transaction[0m
Redirected to http://localhost:3000/places/1
Completed 302 Found in 6ms (ActiveRecord: 1.6ms)


Started GET "/places/1" for ::1 at 2015-12-29 00:07:56 +0100
Processing by PlacesController#show as HTML
  Parameters: {"id"=>"1"}
  [1m[35mPlace Load (0.2ms)[0m  SELECT  "places".* FROM "places" WHERE "places"."id" = ? LIMIT 1  [["id", 1]]
  Rendered places/show.html.erb within layouts/application (0.8ms)
Completed 200 OK in 21ms (Views: 14.4ms | ActiveRecord: 0.2ms)


Started GET "/places" for ::1 at 2015-12-29 00:07:58 +0100
Processing by PlacesController#index as HTML
  [1m[36mPlace Load (0.1ms)[0m  [1mSELECT "places".* FROM "places"[0m
  Rendered places/index.html.erb within layouts/application (2.1ms)
Completed 200 OK in 28ms (Views: 27.2ms | ActiveRecord: 0.1ms)


Started DELETE "/places/1" for ::1 at 2015-12-29 00:08:09 +0100
Processing by PlacesController#destroy as HTML
  Parameters: {"authenticity_token"=>"oNWLN09Q8WW9uW3C/AkFpzID5bW+AwtAOWjqBdeRzjiqJNSOoG4uBuhbD3Flgr5TBajcpsdLzhKPgEyzgzsw6w==", "id"=>"1"}
  [1m[35mPlace Load (0.1ms)[0m  SELECT  "places".* FROM "places" WHERE "places"."id" = ? LIMIT 1  [["id", 1]]
  [1m[36m (0.5ms)[0m  [1mbegin transaction[0m
  [1m[35mSQL (0.7ms)[0m  DELETE FROM "places" WHERE "places"."id" = ?  [["id", 1]]
  [1m[36m (6.9ms)[0m  [1mcommit transaction[0m
Redirected to http://localhost:3000/places
Completed 302 Found in 11ms (ActiveRecord: 8.2ms)


Started GET "/places" for ::1 at 2015-12-29 00:08:09 +0100
Processing by PlacesController#index as HTML
  [1m[35mPlace Load (0.1ms)[0m  SELECT "places".* FROM "places"
  Rendered places/index.html.erb within layouts/application (0.8ms)
Completed 200 OK in 20ms (Views: 19.1ms | ActiveRecord: 0.1ms)
